<?xml version="1.0" encoding="UTF-8"?>
<testng-results ignored="0" total="2" passed="2" failed="0" skipped="0">
  <reporter-output>
  </reporter-output>
  <suite started-at="2022-09-13T22:40:07 IST" name="Default suite" finished-at="2022-09-13T22:40:07 IST" duration-ms="64">
    <groups>
    </groups>
    <test started-at="2022-09-13T22:40:07 IST" name="Default test" finished-at="2022-09-13T22:40:07 IST" duration-ms="64">
      <class name="Practice.AddToCartTest">
        <test-method signature="AddCartTest()[pri:0, instance:Practice.AddToCartTest@3e6ef8ad]" started-at="2022-09-13T22:40:07 IST" name="AddCartTest" finished-at="2022-09-13T22:40:07 IST" duration-ms="15" status="PASS">
          <reporter-output>
          </reporter-output>
        </test-method> <!-- AddCartTest -->
        <test-method signature="RemoveCartTest()[pri:0, instance:Practice.AddToCartTest@3e6ef8ad]" started-at="2022-09-13T22:40:07 IST" name="RemoveCartTest" finished-at="2022-09-13T22:40:07 IST" duration-ms="2" status="PASS">
          <reporter-output>
          </reporter-output>
        </test-method> <!-- RemoveCartTest -->
      </class> <!-- Practice.AddToCartTest -->
    </test> <!-- Default test -->
  </suite> <!-- Default suite -->
</testng-results>
